<?xml version="1.0" encoding="UTF-8"?>
<testng-results ignored="0" total="9" passed="7" failed="0" skipped="2">
  <reporter-output>
  </reporter-output>
  <suite started-at="2019-04-28T22:09:21Z" name="Data Driven Basics" finished-at="2019-04-28T22:09:41Z" duration-ms="20066">
    <groups>
    </groups>
    <test started-at="2019-04-28T22:09:21Z" name="Bank Manager login test" finished-at="2019-04-28T22:09:24Z" duration-ms="3442">
      <class name="com.rakesh.testCases.BankManagerLoginTest">
        <test-method signature="bankManagerLoginTest()[pri:0, instance:com.rakesh.testCases.BankManagerLoginTest@59d2103b]" started-at="2019-04-28T17:09:21Z" name="bankManagerLoginTest" finished-at="2019-04-28T17:09:24Z" duration-ms="3126" status="PASS">
          <reporter-output>
          </reporter-output>
        </test-method> <!-- bankManagerLoginTest -->
      </class> <!-- com.rakesh.testCases.BankManagerLoginTest -->
    </test> <!-- Bank Manager login test -->
    <test started-at="2019-04-28T22:09:24Z" name="Add customer test" finished-at="2019-04-28T22:09:33Z" duration-ms="8364">
      <class name="com.rakesh.testCases.AddCustomerTest">
        <test-method signature="addCustomerTest(java.util.Hashtable)[pri:0, instance:com.rakesh.testCases.AddCustomerTest@2a3591c5]" started-at="2019-04-28T17:09:24Z" name="addCustomerTest" data-provider="dp" finished-at="2019-04-28T17:09:27Z" duration-ms="3072" status="PASS">
          <params>
            <param index="0">
              <value>
                <![CDATA[{postCode=sfwr34d, lastName=kumar, runMode=Y, firstName=manish, alertText=Customer added successfully}]]>
              </value>
            </param>
          </params>
          <reporter-output>
          </reporter-output>
        </test-method> <!-- addCustomerTest -->
        <test-method signature="addCustomerTest(java.util.Hashtable)[pri:0, instance:com.rakesh.testCases.AddCustomerTest@2a3591c5]" started-at="2019-04-28T17:09:27Z" name="addCustomerTest" data-provider="dp" finished-at="2019-04-28T17:09:27Z" duration-ms="1" status="SKIP">
          <params>
            <param index="0">
              <value>
                <![CDATA[{postCode=sfwr34d, lastName=kumar, runMode=N, firstName=rakesh, alertText=Customer added successfully}]]>
              </value>
            </param>
          </params>
          <exception class="org.testng.SkipException">
            <message>
              <![CDATA[Skipping the test addCustomerTestas the run mode is No]]>
            </message>
            <full-stacktrace>
              <![CDATA[org.testng.SkipException: Skipping the test addCustomerTestas the run mode is No
	at com.rakesh.testCases.AddCustomerTest.addCustomerTest(AddCustomerTest.java:23)
	at java.base/jdk.internal.reflect.NativeMethodAccessorImpl.invoke0(Native Method)
	at java.base/jdk.internal.reflect.NativeMethodAccessorImpl.invoke(NativeMethodAccessorImpl.java:62)
	at java.base/jdk.internal.reflect.DelegatingMethodAccessorImpl.invoke(DelegatingMethodAccessorImpl.java:43)
	at java.base/java.lang.reflect.Method.invoke(Method.java:566)
	at org.testng.internal.MethodInvocationHelper.invokeMethod(MethodInvocationHelper.java:108)
	at org.testng.internal.Invoker.invokeMethod(Invoker.java:661)
	at org.testng.internal.Invoker.invokeTestMethod(Invoker.java:869)
	at org.testng.internal.Invoker.invokeTestMethods(Invoker.java:1193)
	at org.testng.internal.TestMethodWorker.invokeTestMethods(TestMethodWorker.java:126)
	at org.testng.internal.TestMethodWorker.run(TestMethodWorker.java:109)
	at org.testng.TestRunner.privateRun(TestRunner.java:744)
	at org.testng.TestRunner.run(TestRunner.java:602)
	at org.testng.SuiteRunner.runTest(SuiteRunner.java:380)
	at org.testng.SuiteRunner.runSequentially(SuiteRunner.java:375)
	at org.testng.SuiteRunner.privateRun(SuiteRunner.java:340)
	at org.testng.SuiteRunner.run(SuiteRunner.java:289)
	at org.testng.SuiteRunnerWorker.runSuite(SuiteRunnerWorker.java:52)
	at org.testng.SuiteRunnerWorker.run(SuiteRunnerWorker.java:86)
	at org.testng.TestNG.runSuitesSequentially(TestNG.java:1301)
	at org.testng.TestNG.runSuitesLocally(TestNG.java:1226)
	at org.testng.TestNG.runSuites(TestNG.java:1144)
	at org.testng.TestNG.run(TestNG.java:1115)
	at org.apache.maven.surefire.testng.TestNGExecutor.run(TestNGExecutor.java:283)
	at org.apache.maven.surefire.testng.TestNGXmlTestSuite.execute(TestNGXmlTestSuite.java:75)
	at org.apache.maven.surefire.testng.TestNGProvider.invoke(TestNGProvider.java:120)
	at org.apache.maven.surefire.booter.ForkedBooter.invokeProviderInSameClassLoader(ForkedBooter.java:384)
	at org.apache.maven.surefire.booter.ForkedBooter.runSuitesInProcess(ForkedBooter.java:345)
	at org.apache.maven.surefire.booter.ForkedBooter.execute(ForkedBooter.java:126)
	at org.apache.maven.surefire.booter.ForkedBooter.main(ForkedBooter.java:418)
]]>
            </full-stacktrace>
          </exception> <!-- org.testng.SkipException -->
          <reporter-output>
          </reporter-output>
        </test-method> <!-- addCustomerTest -->
        <test-method signature="addCustomerTest(java.util.Hashtable)[pri:0, instance:com.rakesh.testCases.AddCustomerTest@2a3591c5]" started-at="2019-04-28T17:09:27Z" name="addCustomerTest" data-provider="dp" finished-at="2019-04-28T17:09:30Z" duration-ms="2554" status="PASS">
          <params>
            <param index="0">
              <value>
                <![CDATA[{postCode=sfwr34d, lastName=kumar, runMode=Y, firstName=sudesh, alertText=Customer added successfully}]]>
              </value>
            </param>
          </params>
          <reporter-output>
          </reporter-output>
        </test-method> <!-- addCustomerTest -->
        <test-method signature="addCustomerTest(java.util.Hashtable)[pri:0, instance:com.rakesh.testCases.AddCustomerTest@2a3591c5]" started-at="2019-04-28T17:09:30Z" name="addCustomerTest" data-provider="dp" finished-at="2019-04-28T17:09:33Z" duration-ms="2497" status="PASS">
          <params>
            <param index="0">
              <value>
                <![CDATA[{postCode=sfwr34d, lastName=kumar, runMode=Y, firstName=naveen, alertText=Customer added successfully}]]>
              </value>
            </param>
          </params>
          <reporter-output>
          </reporter-output>
        </test-method> <!-- addCustomerTest -->
      </class> <!-- com.rakesh.testCases.AddCustomerTest -->
    </test> <!-- Add customer test -->
    <test started-at="2019-04-28T22:09:33Z" name="Open Account test" finished-at="2019-04-28T22:09:41Z" duration-ms="8223">
      <class name="com.rakesh.testCases.OpenAccountTest">
        <test-method is-config="true" signature="setUp()[pri:0, instance:com.rakesh.testCases.OpenAccountTest@4052274f]" started-at="2019-04-28T17:09:15Z" name="setUp" finished-at="2019-04-28T17:09:21Z" duration-ms="6208" status="PASS">
          <reporter-output>
          </reporter-output>
        </test-method> <!-- setUp -->
        <test-method signature="openAccountTest(java.util.Hashtable)[pri:0, instance:com.rakesh.testCases.OpenAccountTest@4052274f]" started-at="2019-04-28T17:09:33Z" name="openAccountTest" data-provider="dp" finished-at="2019-04-28T17:09:36Z" duration-ms="3041" status="PASS">
          <params>
            <param index="0">
              <value>
                <![CDATA[{currency=Rupee, runMode=Y, alertMessage=Account created successfully, customer=manish kumar}]]>
              </value>
            </param>
          </params>
          <reporter-output>
          </reporter-output>
        </test-method> <!-- openAccountTest -->
        <test-method signature="openAccountTest(java.util.Hashtable)[pri:0, instance:com.rakesh.testCases.OpenAccountTest@4052274f]" started-at="2019-04-28T17:09:36Z" name="openAccountTest" data-provider="dp" finished-at="2019-04-28T17:09:36Z" duration-ms="1" status="SKIP">
          <params>
            <param index="0">
              <value>
                <![CDATA[{currency=Rupee, runMode=N, alertMessage=Account created successfully, customer=rakesh kumar}]]>
              </value>
            </param>
          </params>
          <exception class="org.testng.SkipException">
            <message>
              <![CDATA[Skipping the test addCustomerTestas the run mode is No]]>
            </message>
            <full-stacktrace>
              <![CDATA[org.testng.SkipException: Skipping the test addCustomerTestas the run mode is No
	at com.rakesh.testCases.OpenAccountTest.openAccountTest(OpenAccountTest.java:23)
	at java.base/jdk.internal.reflect.NativeMethodAccessorImpl.invoke0(Native Method)
	at java.base/jdk.internal.reflect.NativeMethodAccessorImpl.invoke(NativeMethodAccessorImpl.java:62)
	at java.base/jdk.internal.reflect.DelegatingMethodAccessorImpl.invoke(DelegatingMethodAccessorImpl.java:43)
	at java.base/java.lang.reflect.Method.invoke(Method.java:566)
	at org.testng.internal.MethodInvocationHelper.invokeMethod(MethodInvocationHelper.java:108)
	at org.testng.internal.Invoker.invokeMethod(Invoker.java:661)
	at org.testng.internal.Invoker.invokeTestMethod(Invoker.java:869)
	at org.testng.internal.Invoker.invokeTestMethods(Invoker.java:1193)
	at org.testng.internal.TestMethodWorker.invokeTestMethods(TestMethodWorker.java:126)
	at org.testng.internal.TestMethodWorker.run(TestMethodWorker.java:109)
	at org.testng.TestRunner.privateRun(TestRunner.java:744)
	at org.testng.TestRunner.run(TestRunner.java:602)
	at org.testng.SuiteRunner.runTest(SuiteRunner.java:380)
	at org.testng.SuiteRunner.runSequentially(SuiteRunner.java:375)
	at org.testng.SuiteRunner.privateRun(SuiteRunner.java:340)
	at org.testng.SuiteRunner.run(SuiteRunner.java:289)
	at org.testng.SuiteRunnerWorker.runSuite(SuiteRunnerWorker.java:52)
	at org.testng.SuiteRunnerWorker.run(SuiteRunnerWorker.java:86)
	at org.testng.TestNG.runSuitesSequentially(TestNG.java:1301)
	at org.testng.TestNG.runSuitesLocally(TestNG.java:1226)
	at org.testng.TestNG.runSuites(TestNG.java:1144)
	at org.testng.TestNG.run(TestNG.java:1115)
	at org.apache.maven.surefire.testng.TestNGExecutor.run(TestNGExecutor.java:283)
	at org.apache.maven.surefire.testng.TestNGXmlTestSuite.execute(TestNGXmlTestSuite.java:75)
	at org.apache.maven.surefire.testng.TestNGProvider.invoke(TestNGProvider.java:120)
	at org.apache.maven.surefire.booter.ForkedBooter.invokeProviderInSameClassLoader(ForkedBooter.java:384)
	at org.apache.maven.surefire.booter.ForkedBooter.runSuitesInProcess(ForkedBooter.java:345)
	at org.apache.maven.surefire.booter.ForkedBooter.execute(ForkedBooter.java:126)
	at org.apache.maven.surefire.booter.ForkedBooter.main(ForkedBooter.java:418)
]]>
            </full-stacktrace>
          </exception> <!-- org.testng.SkipException -->
          <reporter-output>
          </reporter-output>
        </test-method> <!-- openAccountTest -->
        <test-method signature="openAccountTest(java.util.Hashtable)[pri:0, instance:com.rakesh.testCases.OpenAccountTest@4052274f]" started-at="2019-04-28T17:09:36Z" name="openAccountTest" data-provider="dp" finished-at="2019-04-28T17:09:38Z" duration-ms="2492" status="PASS">
          <params>
            <param index="0">
              <value>
                <![CDATA[{currency=Rupee, runMode=Y, alertMessage=Account created successfully, customer=sudesh kumar}]]>
              </value>
            </param>
          </params>
          <reporter-output>
          </reporter-output>
        </test-method> <!-- openAccountTest -->
        <test-method signature="openAccountTest(java.util.Hashtable)[pri:0, instance:com.rakesh.testCases.OpenAccountTest@4052274f]" started-at="2019-04-28T17:09:38Z" name="openAccountTest" data-provider="dp" finished-at="2019-04-28T17:09:41Z" duration-ms="2506" status="PASS">
          <params>
            <param index="0">
              <value>
                <![CDATA[{currency=Rupee, runMode=Y, alertMessage=Account created successfully, customer=naveen kumar}]]>
              </value>
            </param>
          </params>
          <reporter-output>
          </reporter-output>
        </test-method> <!-- openAccountTest -->
        <test-method is-config="true" signature="tearDown()[pri:0, instance:com.rakesh.testCases.OpenAccountTest@4052274f]" started-at="2019-04-28T17:09:41Z" name="tearDown" finished-at="2019-04-28T17:09:42Z" duration-ms="922" status="PASS">
          <reporter-output>
          </reporter-output>
        </test-method> <!-- tearDown -->
      </class> <!-- com.rakesh.testCases.OpenAccountTest -->
    </test> <!-- Open Account test -->
  </suite> <!-- Data Driven Basics -->
</testng-results>
