<?xml version="1.0" encoding="UTF-8"?>
<testng-results skipped="0" failed="1" ignored="0" total="2" passed="1">
  <reporter-output>
    <line>
      <![CDATA[<a target="_blank" href="C:\Rakesh\abc.PNG">Screenshot</a>]]>
    </line>
    <line>
      <![CDATA[<br]]>
    </line>
    <line>
      <![CDATA[<a target="_blank" href="C:\Rakesh\abc.PNG"><img src="C:\Rakesh\abc.PNG" height=200 width=200></img></a>]]>
    </line>
  </reporter-output>
  <suite name="Data Driven Basics" duration-ms="4006" started-at="2019-04-16T01:03:19Z" finished-at="2019-04-16T01:03:23Z">
    <groups>
    </groups>
    <test name="Bank Manager login test" duration-ms="3138" started-at="2019-04-16T01:03:19Z" finished-at="2019-04-16T01:03:22Z">
      <class name="com.rakesh.testCases.BankManagerLoginTest">
        <test-method status="FAIL" signature="loginAsBankManager()[pri:0, instance:com.rakesh.testCases.BankManagerLoginTest@3315d2d7]" name="loginAsBankManager" duration-ms="3120" started-at="2019-04-15T20:03:19Z" finished-at="2019-04-15T20:03:22Z">
          <exception class="java.lang.AssertionError">
            <message>
              <![CDATA[Login not executed successfully]]>
            </message>
            <full-stacktrace>
              <![CDATA[java.lang.AssertionError: Login not executed successfully
	at org.testng.Assert.fail(Assert.java:93)
	at com.rakesh.testCases.BankManagerLoginTest.loginAsBankManager(BankManagerLoginTest.java:26)
	at sun.reflect.NativeMethodAccessorImpl.invoke0(Native Method)
	at sun.reflect.NativeMethodAccessorImpl.invoke(Unknown Source)
	at sun.reflect.DelegatingMethodAccessorImpl.invoke(Unknown Source)
	at java.lang.reflect.Method.invoke(Unknown Source)
	at org.testng.internal.MethodInvocationHelper.invokeMethod(MethodInvocationHelper.java:108)
	at org.testng.internal.Invoker.invokeMethod(Invoker.java:661)
	at org.testng.internal.Invoker.invokeTestMethod(Invoker.java:869)
	at org.testng.internal.Invoker.invokeTestMethods(Invoker.java:1193)
	at org.testng.internal.TestMethodWorker.invokeTestMethods(TestMethodWorker.java:126)
	at org.testng.internal.TestMethodWorker.run(TestMethodWorker.java:109)
	at org.testng.TestRunner.privateRun(TestRunner.java:744)
	at org.testng.TestRunner.run(TestRunner.java:602)
	at org.testng.SuiteRunner.runTest(SuiteRunner.java:380)
	at org.testng.SuiteRunner.runSequentially(SuiteRunner.java:375)
	at org.testng.SuiteRunner.privateRun(SuiteRunner.java:340)
	at org.testng.SuiteRunner.run(SuiteRunner.java:289)
	at org.testng.SuiteRunnerWorker.runSuite(SuiteRunnerWorker.java:52)
	at org.testng.SuiteRunnerWorker.run(SuiteRunnerWorker.java:86)
	at org.testng.TestNG.runSuitesSequentially(TestNG.java:1301)
	at org.testng.TestNG.runSuitesLocally(TestNG.java:1226)
	at org.testng.TestNG.runSuites(TestNG.java:1144)
	at org.testng.TestNG.run(TestNG.java:1115)
	at org.testng.remote.AbstractRemoteTestNG.run(AbstractRemoteTestNG.java:114)
	at org.testng.remote.RemoteTestNG.initAndRun(RemoteTestNG.java:251)
	at org.testng.remote.RemoteTestNG.main(RemoteTestNG.java:77)
]]>
            </full-stacktrace>
          </exception> <!-- java.lang.AssertionError -->
          <reporter-output>
            <line>
              <![CDATA[<a target="_blank" href="C:\Rakesh\abc.PNG">Screenshot</a>]]>
            </line>
            <line>
              <![CDATA[<br]]>
            </line>
            <line>
              <![CDATA[<a target="_blank" href="C:\Rakesh\abc.PNG"><img src="C:\Rakesh\abc.PNG" height=200 width=200></img></a>]]>
            </line>
          </reporter-output>
        </test-method> <!-- loginAsBankManager -->
      </class> <!-- com.rakesh.testCases.BankManagerLoginTest -->
    </test> <!-- Bank Manager login test -->
    <test name="Add customer test" duration-ms="849" started-at="2019-04-16T01:03:22Z" finished-at="2019-04-16T01:03:23Z">
      <class name="com.rakesh.testCases.AddCustomerTest">
        <test-method status="PASS" signature="setUp()[pri:0, instance:com.rakesh.testCases.AddCustomerTest@3d1cfad4]" name="setUp" is-config="true" duration-ms="6168" started-at="2019-04-15T20:03:13Z" finished-at="2019-04-15T20:03:19Z">
          <reporter-output>
          </reporter-output>
        </test-method> <!-- setUp -->
        <test-method status="PASS" signature="AddCustomer(java.lang.String, java.lang.String, java.lang.String, java.lang.String)[pri:0, instance:com.rakesh.testCases.AddCustomerTest@3d1cfad4]" name="AddCustomer" duration-ms="835" started-at="2019-04-15T20:03:22Z" data-provider="getData" finished-at="2019-04-15T20:03:23Z">
          <params>
            <param index="0">
              <value>
                <![CDATA[manish]]>
              </value>
            </param>
            <param index="1">
              <value>
                <![CDATA[kumar]]>
              </value>
            </param>
            <param index="2">
              <value>
                <![CDATA[sfwr34d]]>
              </value>
            </param>
            <param index="3">
              <value>
                <![CDATA[Customer added successfully]]>
              </value>
            </param>
          </params>
          <reporter-output>
          </reporter-output>
        </test-method> <!-- AddCustomer -->
        <test-method status="PASS" signature="tearDown()[pri:0, instance:com.rakesh.testCases.AddCustomerTest@3d1cfad4]" name="tearDown" is-config="true" duration-ms="902" started-at="2019-04-15T20:03:23Z" finished-at="2019-04-15T20:03:24Z">
          <reporter-output>
          </reporter-output>
        </test-method> <!-- tearDown -->
      </class> <!-- com.rakesh.testCases.AddCustomerTest -->
    </test> <!-- Add customer test -->
  </suite> <!-- Data Driven Basics -->
</testng-results>
